2025-07-31 05:40:18.510 [info] Extension host with pid 5549 started
2025-07-31 05:40:18.510 [error] Error: EEXIST: file already exists, open '/home/lab-user/.local/share/code-server/User/workspaceStorage/-3dc3e95f/vscode.lock'
2025-07-31 05:40:18.510 [info] Lock '/home/lab-user/.local/share/code-server/User/workspaceStorage/-3dc3e95f/vscode.lock': Could not acquire lock, checking if the file is stale.
2025-07-31 05:40:18.557 [info] Lock '/home/lab-user/.local/share/code-server/User/workspaceStorage/-3dc3e95f/vscode.lock': The lock does not look stale, elapsed: 42 ms, giving up.
2025-07-31 05:40:18.558 [info] Lock '/home/lab-user/.local/share/code-server/User/workspaceStorage/-3dc3e95f-1/vscode.lock': Lock acquired.
2025-07-31 05:40:19.218 [info] ExtensionService#_doActivateExtension vscode.markdown-language-features, startup: false, activationEvent: 'onWebviewPanel:markdown.preview'
2025-07-31 05:40:19.219 [info] ExtensionService#_doActivateExtension vscode.tunnel-forwarding, startup: false, activationEvent: 'onTunnel'
2025-07-31 05:40:19.802 [info] ExtensionService#_doActivateExtension vscode.git-base, startup: true, activationEvent: '*', root cause: vscode.git
2025-07-31 05:40:20.092 [info] ExtensionService#_doActivateExtension vscode.git, startup: true, activationEvent: '*'
2025-07-31 05:40:20.093 [info] ExtensionService#_doActivateExtension vscode.github, startup: true, activationEvent: '*'
2025-07-31 05:40:20.501 [info] Eager extensions activated
2025-07-31 05:40:20.501 [info] ExtensionService#_doActivateExtension vscode.debug-auto-launch, startup: false, activationEvent: 'onStartupFinished'
2025-07-31 05:40:20.501 [info] ExtensionService#_doActivateExtension vscode.merge-conflict, startup: false, activationEvent: 'onStartupFinished'
2025-07-31 05:40:20.502 [info] ExtensionService#_doActivateExtension RooVeterinaryInc.roo-cline, startup: false, activationEvent: 'onStartupFinished'
2025-07-31 05:40:21.820 [info] ExtensionService#_doActivateExtension vscode.extension-editing, startup: false, activationEvent: 'onLanguage:markdown'
2025-07-31 05:40:21.821 [info] ExtensionService#_doActivateExtension vscode.emmet, startup: false, activationEvent: 'onLanguage'
2025-07-31 05:40:21.878 [info] ExtensionService#_doActivateExtension vscode.markdown-math, startup: false, activationEvent: 'api', root cause: vscode.markdown-language-features
2025-07-31 05:44:57.887 [warning] [Decorations] CAPPING events from decorations provider vscode.git 2501
2025-07-31 05:44:59.372 [warning] [Decorations] CAPPING events from decorations provider vscode.git 2501
2025-07-31 05:45:24.483 [warning] [Decorations] CAPPING events from decorations provider vscode.git 2501
2025-07-31 05:45:29.517 [warning] [Decorations] CAPPING events from decorations provider vscode.git 2501
2025-07-31 05:45:36.936 [warning] [Decorations] CAPPING events from decorations provider vscode.git 2501
2025-07-31 05:46:26.541 [warning] [Decorations] CAPPING events from decorations provider vscode.git 2501
2025-07-31 05:46:31.580 [warning] [Decorations] CAPPING events from decorations provider vscode.git 2501
2025-07-31 05:46:36.614 [warning] [Decorations] CAPPING events from decorations provider vscode.git 2501
2025-07-31 05:46:41.648 [warning] [Decorations] CAPPING events from decorations provider vscode.git 2501
2025-07-31 05:46:46.681 [warning] [Decorations] CAPPING events from decorations provider vscode.git 2501
2025-07-31 05:47:01.407 [warning] [Decorations] CAPPING events from decorations provider vscode.git 2501
2025-07-31 05:48:10.872 [warning] [Decorations] CAPPING events from decorations provider vscode.git 2503
2025-07-31 05:48:18.168 [warning] [Decorations] CAPPING events from decorations provider vscode.git 2503
2025-07-31 05:48:23.202 [warning] [Decorations] CAPPING events from decorations provider vscode.git 2503
2025-07-31 05:48:43.623 [warning] [Decorations] CAPPING events from decorations provider vscode.git 2505
2025-07-31 05:48:48.658 [warning] [Decorations] CAPPING events from decorations provider vscode.git 2505
2025-07-31 05:49:04.727 [warning] [Decorations] CAPPING events from decorations provider vscode.git 2505
2025-07-31 05:49:09.764 [warning] [Decorations] CAPPING events from decorations provider vscode.git 2505
2025-07-31 05:50:26.172 [warning] [Decorations] CAPPING events from decorations provider vscode.git 2505
2025-07-31 05:50:31.213 [warning] [Decorations] CAPPING events from decorations provider vscode.git 2505
2025-07-31 05:50:57.799 [warning] [Decorations] CAPPING events from decorations provider vscode.git 2505
2025-07-31 05:52:02.721 [warning] [Decorations] CAPPING events from decorations provider vscode.git 2524
2025-07-31 05:53:03.776 [warning] [Decorations] CAPPING events from decorations provider vscode.git 2525
2025-07-31 05:53:08.687 [info] ExtensionService#_doActivateExtension vscode.github-authentication, startup: false, activationEvent: 'onAuthenticationRequest:github'
