2025-07-31 05:53:09.421 [info] Reading sessions from keychain...
2025-07-31 05:53:09.421 [info] Getting sessions for all scopes...
2025-07-31 05:53:09.421 [info] Got 0 sessions for ...
2025-07-31 05:53:09.421 [info] Getting sessions for all scopes...
2025-07-31 05:53:09.421 [info] Got 0 sessions for ...
2025-07-31 05:53:09.421 [info] Getting sessions for all scopes...
2025-07-31 05:53:09.421 [info] Got 0 sessions for ...
2025-07-31 05:53:09.421 [info] Getting sessions for all scopes...
2025-07-31 05:53:09.421 [info] Got 0 sessions for ...
2025-07-31 05:53:09.421 [info] Getting sessions for all scopes...
2025-07-31 05:53:09.421 [info] Got 0 sessions for ...
2025-07-31 05:53:09.695 [info] Getting sessions for read:user,repo,user:email,workflow...
2025-07-31 05:53:09.695 [info] Got 0 sessions for read:user,repo,user:email,workflow...
2025-07-31 05:53:48.688 [info] Getting sessions for read:user,repo,user:email,workflow...
2025-07-31 05:53:48.688 [info] Got 0 sessions for read:user,repo,user:email,workflow...
2025-07-31 05:53:51.321 [info] Logging in with 'any' account...
2025-07-31 05:53:51.321 [info] Logging in for the following scopes: read:user repo user:email workflow
2025-07-31 05:53:51.933 [info] Trying device code flow... (read:user repo user:email workflow)
2025-07-31 05:56:02.139 [info] Getting user info...
2025-07-31 05:56:02.724 [info] Got account info!
2025-07-31 05:56:02.725 [info] Storing 1 sessions...
2025-07-31 05:56:03.038 [info] Reading sessions from keychain...
2025-07-31 05:56:03.038 [info] Stored 1 sessions!
2025-07-31 05:56:03.039 [info] Login success!
2025-07-31 05:56:03.387 [info] Got stored sessions!
2025-07-31 05:56:03.433 [info] Got 1 verified sessions.
2025-07-31 05:56:04.057 [info] Getting sessions for read:user,repo,user:email,workflow...
2025-07-31 05:56:04.057 [info] Got 1 sessions for read:user,repo,user:email,workflow...
